<?xml version="1.0" encoding="UTF-8"?>
<!-- Generated by org.testng.reporters.JUnitReportReporter -->
<testsuite hostname="LAPTOP-CQL946G0" name="hrmlogin.Login" tests="1" failures="0" timestamp="23 Jun 2023 12:51:35 GMT" time="6.275" errors="0">
  <testcase name="login" time="6.275" classname="hrmlogin.Login"/>
</testsuite> <!-- hrmlogin.Login -->
